<?xml version="1.0" encoding="UTF-8"?>
<!-- Generated by org.testng.reporters.JUnitReportReporter -->
<testsuite hostname="MacBookAir" failures="0" tests="1" name="com.ebanking.testCases.TC_AddCustomer_003" time="17.638" errors="0" timestamp="2022-07-12T22:55:57 IST" skipped="0">
  <testcase classname="com.ebanking.testCases.TC_AddCustomer_003" name="addNewCustomer" time="17.638"/>
  <system-out/>
</testsuite> <!-- com.ebanking.testCases.TC_AddCustomer_003 -->
